SF:lib/posts/models/post.dart
DA:4,6
DA:10,2
DA:11,8
LF:3
LH:3
end_of_record
SF:lib/posts/bloc/post_event.dart
DA:4,1
DA:5,1
DA:11,1
DA:13,0
DA:14,0
LF:5
LH:3
end_of_record
SF:lib/posts/bloc/post_bloc.dart
DA:17,4
DA:18,4
DA:19,12
DA:24,4
DA:26,4
DA:27,4
DA:28,4
DA:29,4
DA:31,4
DA:32,4
DA:33,4
DA:39,1
DA:43,3
DA:46,3
DA:50,6
DA:53,9
DA:55,3
DA:56,0
DA:59,3
DA:60,6
DA:62,15
DA:66,0
DA:70,3
DA:71,3
DA:73,6
DA:75,3
DA:76,3
LF:27
LH:25
end_of_record
SF:lib/posts/bloc/post_state.dart
DA:6,6
DA:13,1
DA:14,1
DA:25,3
DA:31,3
DA:32,0
DA:33,0
DA:34,3
DA:35,3
DA:39,1
DA:41,3
DA:44,4
DA:45,12
LF:13
LH:11
end_of_record
SF:lib/core/routes.dart
DA:13,1
DA:19,1
DA:25,1
DA:31,1
DA:32,1
DA:33,1
DA:36,2
DA:44,2
DA:50,2
DA:56,2
DA:62,2
DA:63,2
DA:64,4
DA:65,2
DA:74,0
DA:80,0
DA:86,0
DA:92,0
DA:93,0
DA:94,0
DA:95,0
DA:98,0
DA:106,6
DA:108,2
DA:109,2
DA:112,4
DA:113,2
DA:117,2
DA:120,1
DA:121,3
DA:122,1
DA:123,1
DA:124,1
LF:33
LH:25
end_of_record
SF:lib/post_detail/page/post_detail_page.dart
DA:12,1
DA:14,1
DA:15,1
DA:20,1
DA:22,1
DA:23,2
DA:24,2
DA:25,1
DA:26,1
DA:27,1
DA:29,2
DA:32,2
DA:35,1
DA:37,2
DA:38,1
DA:41,1
DA:43,1
DA:44,1
DA:45,1
DA:46,1
DA:47,3
LF:21
LH:21
end_of_record
SF:lib/post_detail/bloc/post_detail_bloc.dart
DA:8,2
DA:9,2
DA:10,6
DA:15,2
DA:16,2
DA:17,2
DA:18,2
DA:19,2
DA:26,2
DA:30,2
DA:32,6
DA:34,0
DA:37,4
DA:39,0
LF:14
LH:12
end_of_record
SF:lib/post_detail/bloc/post_detail_event.dart
DA:4,1
DA:7,0
DA:8,0
DA:12,1
LF:4
LH:2
end_of_record
SF:lib/post_detail/bloc/post_detail_state.dart
DA:5,5
DA:14,1
DA:15,4
DA:19,6
DA:23,6
DA:27,6
DA:31,4
LF:7
LH:7
end_of_record
SF:lib/post_detail/usecases/get_post_detail_usecase.dart
DA:5,2
DA:9,2
DA:10,4
LF:3
LH:3
end_of_record
SF:lib/post_detail/page/post_detail_view.dart
DA:7,3
DA:9,1
DA:11,1
DA:12,1
DA:14,1
DA:16,1
DA:18,1
DA:19,0
DA:20,1
DA:21,4
LF:10
LH:9
end_of_record
SF:lib/post_detail/page/post_detail_viewmodel.dart
DA:6,1
DA:10,1
DA:11,4
DA:14,1
DA:15,2
DA:16,2
LF:6
LH:6
end_of_record
SF:lib/post_detail/repos/post_detail_repo_impl.dart
DA:5,1
DA:7,1
DA:8,1
LF:3
LH:3
end_of_record
SF:lib/posts/view/posts_list.dart
DA:8,3
DA:10,3
DA:11,3
DA:17,3
DA:19,3
DA:20,9
DA:23,3
DA:25,3
DA:26,9
DA:27,1
DA:28,2
DA:29,1
DA:31,1
DA:32,3
DA:37,3
DA:38,9
DA:39,3
DA:40,3
DA:41,3
DA:44,3
DA:46,3
DA:47,6
DA:48,3
DA:51,3
DA:52,3
DA:53,6
DA:54,3
DA:56,3
DA:57,1
DA:58,2
DA:59,1
DA:62,3
DA:65,6
DA:66,3
DA:68,3
DA:76,3
DA:78,6
DA:79,3
DA:82,0
DA:83,0
DA:86,0
DA:87,0
DA:88,0
DA:89,0
DA:90,0
LF:45
LH:38
end_of_record
SF:lib/posts/view/posts_page.dart
DA:7,4
DA:9,3
DA:11,3
DA:12,3
DA:13,15
LF:5
LH:5
end_of_record
SF:lib/posts/widgets/bottom_loader.dart
DA:4,3
DA:6,0
LF:2
LH:1
end_of_record
SF:lib/posts/widgets/post_list_item.dart
DA:5,3
DA:9,3
DA:11,6
DA:12,3
DA:13,15
DA:14,9
DA:16,9
LF:7
LH:7
end_of_record
SF:lib/app.dart
DA:5,2
DA:7,2
DA:9,2
DA:10,2
LF:4
LH:4
end_of_record
SF:lib/main.dart
DA:8,0
DA:10,0
DA:11,0
LF:3
LH:0
end_of_record
SF:lib/simple_bloc_observer.dart
DA:6,1
DA:8,0
DA:13,0
DA:14,0
DA:17,0
DA:19,0
DA:20,0
LF:7
LH:1
end_of_record
